app/build/outputs/logs/manifest-merger-release-report.txt
-- Merging decision tree log ---
manifest
ADDED from src\main\AndroidManifest.xml:2:1-1078:12
	package
		ADDED from src\main\AndroidManifest.xml:3:5-27
		INJECTED from src\main\AndroidManifest.xml
		INJECTED from src\main\AndroidManifest.xml
	android:versionName
		ADDED from src\main\AndroidManifest.xml:5:5-33
		INJECTED from src\main\AndroidManifest.xml
		INJECTED from src\main\AndroidManifest.xml
	android:versionCode
		ADDED from src\main\AndroidManifest.xml:4:5-28
		INJECTED from src\main\AndroidManifest.xml
		INJECTED from src\main\AndroidManifest.xml
	xmlns:android
		ADDED from src\main\AndroidManifest.xml:2:11-69
uses-sdk
ADDED from src\main\AndroidManifest.xml:13:5-15:41
	android:targetSdkVersion
		ADDED from src\main\AndroidManifest.xml:15:9-38
		INJECTED from src\main\AndroidManifest.xml
		INJECTED from src\main\AndroidManifest.xml
	android:minSdkVersion
		ADDED from src\main\AndroidManifest.xml:14:9-34
		INJECTED from src\main\AndroidManifest.xml
		INJECTED from src\main\AndroidManifest.xml
application
ADDED from src\main\AndroidManifest.xml:17:5-1031:19
	android:label
		ADDED from src\main\AndroidManifest.xml:21:9-47
	android:allowBackup
		ADDED from src\main\AndroidManifest.xml:19:9-35
	android:icon
		ADDED from src\main\AndroidManifest.xml:20:9-38
	android:theme
		ADDED from src\main\AndroidManifest.xml:22:9-40
	android:name
		ADDED from src\main\AndroidManifest.xml:18:9-51
activity#com.research.WelcomeActivity
ADDED from src\main\AndroidManifest.xml:23:9-34:20
	android:screenOrientation
		ADDED from src\main\AndroidManifest.xml:26:13-49
	android:label
		ADDED from src\main\AndroidManifest.xml:27:13-51
	android:configChanges
		ADDED from src\main\AndroidManifest.xml:25:13-55
	android:name
		ADDED from src\main\AndroidManifest.xml:24:13-44
intent-filter#android.intent.action.DEFAULT+android.intent.action.MAIN+android.intent.category.LAUNCHER
ADDED from src\main\AndroidManifest.xml:28:13-33:29
action#android.intent.action.DEFAULT
ADDED from src\main\AndroidManifest.xml:29:17-72
	android:name
		ADDED from src\main\AndroidManifest.xml:29:25-69
action#android.intent.action.MAIN
ADDED from src\main\AndroidManifest.xml:30:17-69
	android:name
		ADDED from src\main\AndroidManifest.xml:30:25-66
category#android.intent.category.LAUNCHER
ADDED from src\main\AndroidManifest.xml:32:17-77
	android:name
		ADDED from src\main\AndroidManifest.xml:32:27-74
activity#com.research.LoginTypeActivity
ADDED from src\main\AndroidManifest.xml:35:9-43:20
	android:screenOrientation
		ADDED from src\main\AndroidManifest.xml:39:13-49
	android:label
		ADDED from src\main\AndroidManifest.xml:37:13-51
	android:configChanges
		ADDED from src\main\AndroidManifest.xml:38:14-56
	android:name
		ADDED from src\main\AndroidManifest.xml:36:13-46
intent-filter#android.intent.action.DEFAULT
ADDED from src\main\AndroidManifest.xml:40:13-42:29
activity#com.research.SubTab
ADDED from src\main\AndroidManifest.xml:44:9-56:20
	android:clearTaskOnLaunch
		ADDED from src\main\AndroidManifest.xml:46:13-45
	android:screenOrientation
		ADDED from src\main\AndroidManifest.xml:50:13-49
	android:label
		ADDED from src\main\AndroidManifest.xml:48:13-51
	android:stateNotNeeded
		ADDED from src\main\AndroidManifest.xml:51:13-42
	android:launchMode
		ADDED from src\main\AndroidManifest.xml:49:13-44
	android:windowSoftInputMode
		ADDED from src\main\AndroidManifest.xml:52:13-60
	android:configChanges
		ADDED from src\main\AndroidManifest.xml:47:13-74
	android:name
		ADDED from src\main\AndroidManifest.xml:45:13-35
activity#com.research.ForgetPwdActity
ADDED from src\main\AndroidManifest.xml:57:9-65:20
	android:screenOrientation
		ADDED from src\main\AndroidManifest.xml:60:15-51
	android:label
		ADDED from src\main\AndroidManifest.xml:61:13-51
	android:configChanges
		ADDED from src\main\AndroidManifest.xml:59:14-56
	android:name
		ADDED from src\main\AndroidManifest.xml:58:13-44
activity#com.research.LoginActivity
ADDED from src\main\AndroidManifest.xml:66:9-74:20
	android:screenOrientation
		ADDED from src\main\AndroidManifest.xml:69:14-50
	android:label
		ADDED from src\main\AndroidManifest.xml:70:13-51
	android:configChanges
		ADDED from src\main\AndroidManifest.xml:68:13-55
	android:name
		ADDED from src\main\AndroidManifest.xml:67:13-42
activity#com.research.RegisterActivity
ADDED from src\main\AndroidManifest.xml:75:9-83:20
	android:screenOrientation
		ADDED from src\main\AndroidManifest.xml:78:13-49
	android:label
		ADDED from src\main\AndroidManifest.xml:79:13-51
	android:configChanges
		ADDED from src\main\AndroidManifest.xml:77:15-57
	android:name
		ADDED from src\main\AndroidManifest.xml:76:13-45
activity#com.research.UserProtocolActivity
ADDED from src\main\AndroidManifest.xml:84:9-93:20
	android:screenOrientation
		ADDED from src\main\AndroidManifest.xml:88:13-49
	android:label
		ADDED from src\main\AndroidManifest.xml:86:13-51
	android:windowSoftInputMode
		ADDED from src\main\AndroidManifest.xml:89:13-60
	android:configChanges
		ADDED from src\main\AndroidManifest.xml:87:16-58
	android:name
		ADDED from src\main\AndroidManifest.xml:85:13-49
activity#com.research.CompleteUserInfoActvity
ADDED from src\main\AndroidManifest.xml:94:9-103:20
	android:screenOrientation
		ADDED from src\main\AndroidManifest.xml:98:13-49
	android:label
		ADDED from src\main\AndroidManifest.xml:96:13-51
	android:windowSoftInputMode
		ADDED from src\main\AndroidManifest.xml:99:13-60
	android:configChanges
		ADDED from src\main\AndroidManifest.xml:97:16-58
	android:name
		ADDED from src\main\AndroidManifest.xml:95:13-52
activity#com.research.WriteUserInfoActivity
ADDED from src\main\AndroidManifest.xml:104:9-113:20
	android:screenOrientation
		ADDED from src\main\AndroidManifest.xml:108:13-49
	android:label
		ADDED from src\main\AndroidManifest.xml:106:13-51
	android:windowSoftInputMode
		ADDED from src\main\AndroidManifest.xml:109:13-57
	android:configChanges
		ADDED from src\main\AndroidManifest.xml:107:15-57
	android:name
		ADDED from src\main\AndroidManifest.xml:105:13-50
activity#com.research.MainActivity
ADDED from src\main\AndroidManifest.xml:114:9-125:20
	android:clearTaskOnLaunch
		ADDED from src\main\AndroidManifest.xml:116:13-45
	android:screenOrientation
		ADDED from src\main\AndroidManifest.xml:119:13-49
	android:stateNotNeeded
		ADDED from src\main\AndroidManifest.xml:120:13-42
	android:launchMode
		ADDED from src\main\AndroidManifest.xml:118:13-44
	android:windowSoftInputMode
		ADDED from src\main\AndroidManifest.xml:121:13-60
	android:configChanges
		ADDED from src\main\AndroidManifest.xml:117:13-74
	android:name
		ADDED from src\main\AndroidManifest.xml:115:13-40
activity#com.research.ChatsTab
ADDED from src\main\AndroidManifest.xml:126:9-135:20
	android:screenOrientation
		ADDED from src\main\AndroidManifest.xml:130:13-49
	android:label
		ADDED from src\main\AndroidManifest.xml:128:13-51
	android:windowSoftInputMode
		ADDED from src\main\AndroidManifest.xml:131:13-60
	android:configChanges
		ADDED from src\main\AndroidManifest.xml:129:14-56
	android:name
		ADDED from src\main\AndroidManifest.xml:127:13-37
activity#com.research.MyGroupListActivity
ADDED from src\main\AndroidManifest.xml:136:9-145:20
	android:screenOrientation
		ADDED from src\main\AndroidManifest.xml:140:13-49
	android:label
		ADDED from src\main\AndroidManifest.xml:138:13-51
	android:windowSoftInputMode
		ADDED from src\main\AndroidManifest.xml:141:13-57
	android:configChanges
		ADDED from src\main\AndroidManifest.xml:139:13-55
	android:name
		ADDED from src\main\AndroidManifest.xml:137:13-48
activity#com.research.ServiceListActivity
ADDED from src\main\AndroidManifest.xml:146:9-155:20
	android:screenOrientation
		ADDED from src\main\AndroidManifest.xml:150:13-49
	android:label
		ADDED from src\main\AndroidManifest.xml:148:13-51
	android:windowSoftInputMode
		ADDED from src\main\AndroidManifest.xml:151:13-57
	android:configChanges
		ADDED from src\main\AndroidManifest.xml:149:14-56
	android:name
		ADDED from src\main\AndroidManifest.xml:147:13-48
activity#com.research.ContactsTab
ADDED from src\main\AndroidManifest.xml:156:9-165:20
	android:screenOrientation
		ADDED from src\main\AndroidManifest.xml:160:13-49
	android:label
		ADDED from src\main\AndroidManifest.xml:158:13-51
	android:windowSoftInputMode
		ADDED from src\main\AndroidManifest.xml:161:13-60
	android:configChanges
		ADDED from src\main\AndroidManifest.xml:159:13-55
	android:name
		ADDED from src\main\AndroidManifest.xml:157:13-40
activity#com.research.FindTab
ADDED from src\main\AndroidManifest.xml:166:9-175:20
	android:screenOrientation
		ADDED from src\main\AndroidManifest.xml:170:13-49
	android:label
		ADDED from src\main\AndroidManifest.xml:168:13-51
	android:windowSoftInputMode
		ADDED from src\main\AndroidManifest.xml:171:13-57
	android:configChanges
		ADDED from src\main\AndroidManifest.xml:169:14-56
	android:name
		ADDED from src\main\AndroidManifest.xml:167:13-36
activity#com.research.ProfileTab
ADDED from src\main\AndroidManifest.xml:176:9-185:20
	android:screenOrientation
		ADDED from src\main\AndroidManifest.xml:180:13-49
	android:label
		ADDED from src\main\AndroidManifest.xml:178:13-51
	android:windowSoftInputMode
		ADDED from src\main\AndroidManifest.xml:181:13-60
	android:configChanges
		ADDED from src\main\AndroidManifest.xml:179:14-56
	android:name
		ADDED from src\main\AndroidManifest.xml:177:13-39
activity#com.research.SettingTab
ADDED from src\main\AndroidManifest.xml:186:9-195:20
	android:screenOrientation
		ADDED from src\main\AndroidManifest.xml:190:13-49
	android:label
		ADDED from src\main\AndroidManifest.xml:188:13-51
	android:windowSoftInputMode
		ADDED from src\main\AndroidManifest.xml:191:13-57
	android:configChanges
		ADDED from src\main\AndroidManifest.xml:189:14-56
	android:name
		ADDED from src\main\AndroidManifest.xml:187:13-39
activity#com.research.ScanResultActivity
ADDED from src\main\AndroidManifest.xml:196:9-204:20
	android:screenOrientation
		ADDED from src\main\AndroidManifest.xml:200:13-49
	android:label
		ADDED from src\main\AndroidManifest.xml:198:13-51
	android:configChanges
		ADDED from src\main\AndroidManifest.xml:199:14-56
	android:name
		ADDED from src\main\AndroidManifest.xml:197:13-47
activity#com.research.CaptureActivity
ADDED from src\main\AndroidManifest.xml:205:9-214:20
	android:screenOrientation
		ADDED from src\main\AndroidManifest.xml:207:15-51
	android:windowSoftInputMode
		ADDED from src\main\AndroidManifest.xml:210:13-60
	android:configChanges
		ADDED from src\main\AndroidManifest.xml:208:13-63
	android:theme
		ADDED from src\main\AndroidManifest.xml:209:13-71
	android:name
		ADDED from src\main\AndroidManifest.xml:206:13-44
activity#com.research.LanguageActivity
ADDED from src\main\AndroidManifest.xml:215:9-223:20
	android:screenOrientation
		ADDED from src\main\AndroidManifest.xml:218:13-49
	android:windowSoftInputMode
		ADDED from src\main\AndroidManifest.xml:219:13-60
	android:configChanges
		ADDED from src\main\AndroidManifest.xml:217:13-63
	android:name
		ADDED from src\main\AndroidManifest.xml:216:13-45
activity#com.research.LocationActivity
ADDED from src\main\AndroidManifest.xml:224:9-233:20
	android:screenOrientation
		ADDED from src\main\AndroidManifest.xml:228:13-49
	android:label
		ADDED from src\main\AndroidManifest.xml:226:13-51
	android:windowSoftInputMode
		ADDED from src\main\AndroidManifest.xml:229:13-57
	android:configChanges
		ADDED from src\main\AndroidManifest.xml:227:13-55
	android:name
		ADDED from src\main\AndroidManifest.xml:225:13-45
activity#com.research.ContactAddrActivity
ADDED from src\main\AndroidManifest.xml:234:9-243:20
	android:screenOrientation
		ADDED from src\main\AndroidManifest.xml:238:13-49
	android:label
		ADDED from src\main\AndroidManifest.xml:236:13-51
	android:windowSoftInputMode
		ADDED from src\main\AndroidManifest.xml:239:13-57
	android:configChanges
		ADDED from src\main\AndroidManifest.xml:237:14-56
	android:name
		ADDED from src\main\AndroidManifest.xml:235:13-48
activity#com.research.ContactNameActivity
ADDED from src\main\AndroidManifest.xml:244:9-253:20
	android:screenOrientation
		ADDED from src\main\AndroidManifest.xml:248:13-49
	android:label
		ADDED from src\main\AndroidManifest.xml:246:13-51
	android:windowSoftInputMode
		ADDED from src\main\AndroidManifest.xml:249:13-57
	android:configChanges
		ADDED from src\main\AndroidManifest.xml:247:14-56
	android:name
		ADDED from src\main\AndroidManifest.xml:245:13-48
activity#com.research.ContactPinLiActivity
ADDED from src\main\AndroidManifest.xml:254:9-263:20
	android:screenOrientation
		ADDED from src\main\AndroidManifest.xml:258:13-49
	android:label
		ADDED from src\main\AndroidManifest.xml:256:13-51
	android:windowSoftInputMode
		ADDED from src\main\AndroidManifest.xml:259:13-57
	android:configChanges
		ADDED from src\main\AndroidManifest.xml:257:14-56
	android:name
		ADDED from src\main\AndroidManifest.xml:255:13-49
activity#com.research.ContactAddTimeActivity
ADDED from src\main\AndroidManifest.xml:264:9-273:20
	android:screenOrientation
		ADDED from src\main\AndroidManifest.xml:268:13-49
	android:label
		ADDED from src\main\AndroidManifest.xml:266:13-51
	android:windowSoftInputMode
		ADDED from src\main\AndroidManifest.xml:269:13-57
	android:configChanges
		ADDED from src\main\AndroidManifest.xml:267:14-56
	android:name
		ADDED from src\main\AndroidManifest.xml:265:13-51
activity#com.research.ContactProjectActivity
ADDED from src\main\AndroidManifest.xml:274:9-283:20
	android:screenOrientation
		ADDED from src\main\AndroidManifest.xml:278:13-49
	android:label
		ADDED from src\main\AndroidManifest.xml:276:13-51
	android:windowSoftInputMode
		ADDED from src\main\AndroidManifest.xml:279:13-57
	android:configChanges
		ADDED from src\main\AndroidManifest.xml:277:14-56
	android:name
		ADDED from src\main\AndroidManifest.xml:275:13-51
activity#com.research.ContactSubjectActivity
ADDED from src\main\AndroidManifest.xml:284:9-293:20
	android:screenOrientation
		ADDED from src\main\AndroidManifest.xml:288:13-49
	android:label
		ADDED from src\main\AndroidManifest.xml:286:13-51
	android:windowSoftInputMode
		ADDED from src\main\AndroidManifest.xml:289:13-57
	android:configChanges
		ADDED from src\main\AndroidManifest.xml:287:13-55
	android:name
		ADDED from src\main\AndroidManifest.xml:285:13-51
activity#com.research.UserInfoActivity
ADDED from src\main\AndroidManifest.xml:294:9-303:20
	android:screenOrientation
		ADDED from src\main\AndroidManifest.xml:298:13-49
	android:label
		ADDED from src\main\AndroidManifest.xml:296:13-51
	android:windowSoftInputMode
		ADDED from src\main\AndroidManifest.xml:299:13-57
	android:configChanges
		ADDED from src\main\AndroidManifest.xml:297:13-55
	android:name
		ADDED from src\main\AndroidManifest.xml:295:13-45
activity#com.research.ChatMainActivity
ADDED from src\main\AndroidManifest.xml:304:9-314:20
	android:screenOrientation
		ADDED from src\main\AndroidManifest.xml:308:13-49
	android:label
		ADDED from src\main\AndroidManifest.xml:307:13-51
	android:windowSoftInputMode
		ADDED from src\main\AndroidManifest.xml:310:13-67
	android:configChanges
		ADDED from src\main\AndroidManifest.xml:306:13-63
	android:taskAffinity
		ADDED from src\main\AndroidManifest.xml:309:13-53
	android:name
		ADDED from src\main\AndroidManifest.xml:305:13-45
activity#com.research.RotateImageActivity
ADDED from src\main\AndroidManifest.xml:315:9-324:20
	android:screenOrientation
		ADDED from src\main\AndroidManifest.xml:319:13-49
	android:label
		ADDED from src\main\AndroidManifest.xml:317:13-51
	android:windowSoftInputMode
		ADDED from src\main\AndroidManifest.xml:320:13-57
	android:configChanges
		ADDED from src\main\AndroidManifest.xml:318:14-56
	android:name
		ADDED from src\main\AndroidManifest.xml:316:13-48
activity#com.research.ShowImageActivity
ADDED from src\main\AndroidManifest.xml:325:9-334:20
	android:screenOrientation
		ADDED from src\main\AndroidManifest.xml:329:13-49
	android:label
		ADDED from src\main\AndroidManifest.xml:327:13-51
	android:windowSoftInputMode
		ADDED from src\main\AndroidManifest.xml:330:13-57
	android:configChanges
		ADDED from src\main\AndroidManifest.xml:328:14-56
	android:name
		ADDED from src\main\AndroidManifest.xml:326:13-46
activity#com.research.CommodityActivity
ADDED from src\main\AndroidManifest.xml:336:9-344:20
	android:screenOrientation
		ADDED from src\main\AndroidManifest.xml:340:13-49
	android:label
		ADDED from src\main\AndroidManifest.xml:339:13-51
	android:configChanges
		ADDED from src\main\AndroidManifest.xml:338:13-55
	android:name
		ADDED from src\main\AndroidManifest.xml:337:13-46
activity#com.research.ChooseUserActivity
ADDED from src\main\AndroidManifest.xml:345:9-353:20
	android:screenOrientation
		ADDED from src\main\AndroidManifest.xml:349:13-49
	android:label
		ADDED from src\main\AndroidManifest.xml:348:13-51
	android:configChanges
		ADDED from src\main\AndroidManifest.xml:347:13-55
	android:name
		ADDED from src\main\AndroidManifest.xml:346:13-47
activity#com.research.AboutActivity
ADDED from src\main\AndroidManifest.xml:354:9-362:20
	android:screenOrientation
		ADDED from src\main\AndroidManifest.xml:358:13-49
	android:label
		ADDED from src\main\AndroidManifest.xml:357:13-51
	android:configChanges
		ADDED from src\main\AndroidManifest.xml:356:13-55
	android:name
		ADDED from src\main\AndroidManifest.xml:355:13-42
activity#com.research.HelpWebViewActivity
ADDED from src\main\AndroidManifest.xml:363:9-371:20
	android:screenOrientation
		ADDED from src\main\AndroidManifest.xml:367:13-49
	android:label
		ADDED from src\main\AndroidManifest.xml:366:13-51
	android:configChanges
		ADDED from src\main\AndroidManifest.xml:365:13-55
	android:name
		ADDED from src\main\AndroidManifest.xml:364:13-48
activity#com.research.FeedBackActivity
ADDED from src\main\AndroidManifest.xml:372:9-380:20
	android:screenOrientation
		ADDED from src\main\AndroidManifest.xml:376:13-49
	android:label
		ADDED from src\main\AndroidManifest.xml:375:13-51
	android:configChanges
		ADDED from src\main\AndroidManifest.xml:374:13-55
	android:name
		ADDED from src\main\AndroidManifest.xml:373:13-45
activity#com.research.OrderTrackActivity
ADDED from src\main\AndroidManifest.xml:381:9-389:20
	android:screenOrientation
		ADDED from src\main\AndroidManifest.xml:385:13-49
	android:label
		ADDED from src\main\AndroidManifest.xml:384:13-51
	android:configChanges
		ADDED from src\main\AndroidManifest.xml:383:13-55
	android:name
		ADDED from src\main\AndroidManifest.xml:382:13-47
activity#com.research.ProductDetailActivity
ADDED from src\main\AndroidManifest.xml:390:9-398:20
	android:screenOrientation
		ADDED from src\main\AndroidManifest.xml:394:13-49
	android:label
		ADDED from src\main\AndroidManifest.xml:393:13-51
	android:configChanges
		ADDED from src\main\AndroidManifest.xml:392:13-55
	android:name
		ADDED from src\main\AndroidManifest.xml:391:13-50
activity#com.research.RemarkActivity
ADDED from src\main\AndroidManifest.xml:399:9-407:20
	android:screenOrientation
		ADDED from src\main\AndroidManifest.xml:403:13-49
	android:label
		ADDED from src\main\AndroidManifest.xml:402:13-51
	android:configChanges
		ADDED from src\main\AndroidManifest.xml:401:13-55
	android:name
		ADDED from src\main\AndroidManifest.xml:400:13-43
activity#com.research.ReportedActivity
ADDED from src\main\AndroidManifest.xml:408:9-416:20
	android:screenOrientation
		ADDED from src\main\AndroidManifest.xml:412:13-49
	android:label
		ADDED from src\main\AndroidManifest.xml:411:13-51
	android:configChanges
		ADDED from src\main\AndroidManifest.xml:410:13-55
	android:name
		ADDED from src\main\AndroidManifest.xml:409:13-45
activity#com.research.BlockListActivity
ADDED from src\main\AndroidManifest.xml:417:9-425:20
	android:screenOrientation
		ADDED from src\main\AndroidManifest.xml:421:13-49
	android:label
		ADDED from src\main\AndroidManifest.xml:420:13-51
	android:configChanges
		ADDED from src\main\AndroidManifest.xml:419:13-55
	android:name
		ADDED from src\main\AndroidManifest.xml:418:13-46
activity#com.research.ProfileActivity
ADDED from src\main\AndroidManifest.xml:426:9-434:20
	android:screenOrientation
		ADDED from src\main\AndroidManifest.xml:430:13-49
	android:label
		ADDED from src\main\AndroidManifest.xml:429:13-51
	android:configChanges
		ADDED from src\main\AndroidManifest.xml:428:13-55
	android:name
		ADDED from src\main\AndroidManifest.xml:427:13-44
activity#com.research.EditProfileActivity
ADDED from src\main\AndroidManifest.xml:435:9-444:20
	android:screenOrientation
		ADDED from src\main\AndroidManifest.xml:439:13-49
	android:label
		ADDED from src\main\AndroidManifest.xml:438:13-51
	android:windowSoftInputMode
		ADDED from src\main\AndroidManifest.xml:440:13-60
	android:configChanges
		ADDED from src\main\AndroidManifest.xml:437:13-55
	android:name
		ADDED from src\main\AndroidManifest.xml:436:13-48
activity#com.research.AddActivity
ADDED from src\main\AndroidManifest.xml:445:9-454:20
	android:screenOrientation
		ADDED from src\main\AndroidManifest.xml:450:13-49
	android:label
		ADDED from src\main\AndroidManifest.xml:449:13-47
	android:configChanges
		ADDED from src\main\AndroidManifest.xml:447:13-55
	android:icon
		ADDED from src\main\AndroidManifest.xml:448:13-42
	android:name
		ADDED from src\main\AndroidManifest.xml:446:13-40
activity#com.research.AddPersonActivity
ADDED from src\main\AndroidManifest.xml:456:9-464:20
	android:screenOrientation
		ADDED from src\main\AndroidManifest.xml:460:13-49
	android:label
		ADDED from src\main\AndroidManifest.xml:459:13-51
	android:configChanges
		ADDED from src\main\AndroidManifest.xml:458:13-55
	android:name
		ADDED from src\main\AndroidManifest.xml:457:13-46
activity#com.research.ChatDetailActivity
ADDED from src\main\AndroidManifest.xml:465:9-473:20
	android:screenOrientation
		ADDED from src\main\AndroidManifest.xml:469:13-49
	android:label
		ADDED from src\main\AndroidManifest.xml:468:13-51
	android:configChanges
		ADDED from src\main\AndroidManifest.xml:467:13-55
	android:name
		ADDED from src\main\AndroidManifest.xml:466:13-47
activity#com.research.NotifyActivity
ADDED from src\main\AndroidManifest.xml:474:9-482:20
	android:screenOrientation
		ADDED from src\main\AndroidManifest.xml:478:13-49
	android:label
		ADDED from src\main\AndroidManifest.xml:477:13-51
	android:configChanges
		ADDED from src\main\AndroidManifest.xml:476:13-55
	android:name
		ADDED from src\main\AndroidManifest.xml:475:13-43
activity#com.research.NotifyDetailActivity
ADDED from src\main\AndroidManifest.xml:483:9-491:20
	android:screenOrientation
		ADDED from src\main\AndroidManifest.xml:487:13-49
	android:label
		ADDED from src\main\AndroidManifest.xml:486:13-51
	android:configChanges
		ADDED from src\main\AndroidManifest.xml:485:13-55
	android:name
		ADDED from src\main\AndroidManifest.xml:484:13-49
activity#com.research.MoveGroupActivity
ADDED from src\main\AndroidManifest.xml:492:9-500:20
	android:screenOrientation
		ADDED from src\main\AndroidManifest.xml:496:13-49
	android:label
		ADDED from src\main\AndroidManifest.xml:495:13-51
	android:configChanges
		ADDED from src\main\AndroidManifest.xml:494:13-55
	android:name
		ADDED from src\main\AndroidManifest.xml:493:13-46
activity#com.research.ManageGroupActivity
ADDED from src\main\AndroidManifest.xml:501:9-509:20
	android:screenOrientation
		ADDED from src\main\AndroidManifest.xml:505:13-49
	android:label
		ADDED from src\main\AndroidManifest.xml:504:13-51
	android:configChanges
		ADDED from src\main\AndroidManifest.xml:503:13-55
	android:name
		ADDED from src\main\AndroidManifest.xml:502:13-48
activity#com.research.GuideActivity
ADDED from src\main\AndroidManifest.xml:510:9-518:20
	android:screenOrientation
		ADDED from src\main\AndroidManifest.xml:514:13-49
	android:label
		ADDED from src\main\AndroidManifest.xml:513:13-51
	android:configChanges
		ADDED from src\main\AndroidManifest.xml:512:13-55
	android:name
		ADDED from src\main\AndroidManifest.xml:511:13-42
activity#com.research.MyAlbumActivity
ADDED from src\main\AndroidManifest.xml:519:9-527:20
	android:screenOrientation
		ADDED from src\main\AndroidManifest.xml:523:13-49
	android:label
		ADDED from src\main\AndroidManifest.xml:522:13-45
	android:configChanges
		ADDED from src\main\AndroidManifest.xml:521:13-55
	android:name
		ADDED from src\main\AndroidManifest.xml:520:13-44
activity#com.research.WriteBlogActivity
ADDED from src\main\AndroidManifest.xml:528:9-536:20
	android:screenOrientation
		ADDED from src\main\AndroidManifest.xml:532:13-49
	android:label
		ADDED from src\main\AndroidManifest.xml:531:13-51
	android:configChanges
		ADDED from src\main\AndroidManifest.xml:530:13-55
	android:name
		ADDED from src\main\AndroidManifest.xml:529:13-46
activity#com.research.WatchTouPiaoActivity
ADDED from src\main\AndroidManifest.xml:537:9-545:20
	android:screenOrientation
		ADDED from src\main\AndroidManifest.xml:541:13-49
	android:label
		ADDED from src\main\AndroidManifest.xml:540:13-51
	android:configChanges
		ADDED from src\main\AndroidManifest.xml:539:13-55
	android:name
		ADDED from src\main\AndroidManifest.xml:538:13-49
activity#com.research.WeiboContentActivity
ADDED from src\main\AndroidManifest.xml:546:9-554:20
	android:screenOrientation
		ADDED from src\main\AndroidManifest.xml:550:13-49
	android:label
		ADDED from src\main\AndroidManifest.xml:549:13-51
	android:configChanges
		ADDED from src\main\AndroidManifest.xml:548:13-55
	android:name
		ADDED from src\main\AndroidManifest.xml:547:13-49
activity#com.research.WriteMusicActivity
ADDED from src\main\AndroidManifest.xml:555:9-563:20
	android:screenOrientation
		ADDED from src\main\AndroidManifest.xml:559:13-49
	android:label
		ADDED from src\main\AndroidManifest.xml:558:13-51
	android:configChanges
		ADDED from src\main\AndroidManifest.xml:557:13-55
	android:name
		ADDED from src\main\AndroidManifest.xml:556:13-47
activity#com.research.WriteTouPiaoActivity
ADDED from src\main\AndroidManifest.xml:564:9-572:20
	android:screenOrientation
		ADDED from src\main\AndroidManifest.xml:568:13-49
	android:label
		ADDED from src\main\AndroidManifest.xml:567:13-51
	android:configChanges
		ADDED from src\main\AndroidManifest.xml:566:13-55
	android:name
		ADDED from src\main\AndroidManifest.xml:565:13-49
activity#com.research.MusicActivity
ADDED from src\main\AndroidManifest.xml:573:9-581:20
	android:screenOrientation
		ADDED from src\main\AndroidManifest.xml:577:13-49
	android:label
		ADDED from src\main\AndroidManifest.xml:576:13-51
	android:configChanges
		ADDED from src\main\AndroidManifest.xml:575:13-55
	android:name
		ADDED from src\main\AndroidManifest.xml:574:13-42
activity#com.research.TouPiaoActivity
ADDED from src\main\AndroidManifest.xml:582:9-590:20
	android:screenOrientation
		ADDED from src\main\AndroidManifest.xml:586:13-49
	android:label
		ADDED from src\main\AndroidManifest.xml:585:13-51
	android:configChanges
		ADDED from src\main\AndroidManifest.xml:584:13-55
	android:name
		ADDED from src\main\AndroidManifest.xml:583:13-44
activity#com.research.SearchActivity
ADDED from src\main\AndroidManifest.xml:591:9-599:20
	android:screenOrientation
		ADDED from src\main\AndroidManifest.xml:595:13-49
	android:label
		ADDED from src\main\AndroidManifest.xml:594:13-51
	android:configChanges
		ADDED from src\main\AndroidManifest.xml:593:13-55
	android:name
		ADDED from src\main\AndroidManifest.xml:592:13-43
activity#com.research.WeiboListActivity
ADDED from src\main\AndroidManifest.xml:600:9-608:20
	android:screenOrientation
		ADDED from src\main\AndroidManifest.xml:604:13-49
	android:label
		ADDED from src\main\AndroidManifest.xml:603:13-51
	android:configChanges
		ADDED from src\main\AndroidManifest.xml:602:13-55
	android:name
		ADDED from src\main\AndroidManifest.xml:601:13-46
activity#com.research.TopicActivity
ADDED from src\main\AndroidManifest.xml:609:9-617:20
	android:screenOrientation
		ADDED from src\main\AndroidManifest.xml:613:13-49
	android:label
		ADDED from src\main\AndroidManifest.xml:612:13-51
	android:configChanges
		ADDED from src\main\AndroidManifest.xml:611:13-55
	android:name
		ADDED from src\main\AndroidManifest.xml:610:13-42
activity#com.research.ContactActivity
ADDED from src\main\AndroidManifest.xml:618:9-626:20
	android:screenOrientation
		ADDED from src\main\AndroidManifest.xml:622:13-49
	android:label
		ADDED from src\main\AndroidManifest.xml:621:13-51
	android:configChanges
		ADDED from src\main\AndroidManifest.xml:620:13-55
	android:name
		ADDED from src\main\AndroidManifest.xml:619:13-44
activity#com.research.SearchOrderActvity
ADDED from src\main\AndroidManifest.xml:627:9-635:20
	android:screenOrientation
		ADDED from src\main\AndroidManifest.xml:631:13-49
	android:label
		ADDED from src\main\AndroidManifest.xml:630:13-51
	android:configChanges
		ADDED from src\main\AndroidManifest.xml:629:13-55
	android:name
		ADDED from src\main\AndroidManifest.xml:628:13-47
activity#com.research.SubscriptionNumDetailActivity
ADDED from src\main\AndroidManifest.xml:636:9-644:20
	android:screenOrientation
		ADDED from src\main\AndroidManifest.xml:640:13-49
	android:label
		ADDED from src\main\AndroidManifest.xml:639:13-51
	android:configChanges
		ADDED from src\main\AndroidManifest.xml:638:13-55
	android:name
		ADDED from src\main\AndroidManifest.xml:637:13-58
activity#com.research.OrderChatMainActivity
ADDED from src\main\AndroidManifest.xml:645:9-654:20
	android:screenOrientation
		ADDED from src\main\AndroidManifest.xml:649:13-49
	android:label
		ADDED from src\main\AndroidManifest.xml:648:13-51
	android:windowSoftInputMode
		ADDED from src\main\AndroidManifest.xml:650:13-67
	android:configChanges
		ADDED from src\main\AndroidManifest.xml:647:13-55
	android:name
		ADDED from src\main\AndroidManifest.xml:646:13-50
activity#com.research.OderListActivity
ADDED from src\main\AndroidManifest.xml:655:9-663:20
	android:screenOrientation
		ADDED from src\main\AndroidManifest.xml:659:13-49
	android:label